[INFO] 2026-02-26 04:46:10 - Registro Socio 2 12-Noviembre 2222222222 2222222
[WARN] 2026-02-28 11:14:59 - Operación cancelada por el usuario
[WARN] 2026-03-05 16:29:53 - Operación cancelada por el usuario
[WARN] 2026-03-05 16:36:43 - Operación cancelada por el usuario
[WARN] 2026-03-05 16:56:51 - Operación cancelada por el usuario
[INFO] 2026-03-26 00:43:30 - Registro Socio Martha 13-Junio 8992678541 1973
[INFO] 2026-03-26 00:44:44 - Registro Socio Darinka 13-Junio 8994951014 2017
[INFO] 2026-03-26 00:46:01 - Registro Socio Fernando 13-Junio 8991474361 1234
[INFO] 2026-03-26 00:50:42 - Registro Socio Angela 20-Diciembre 8999183174 1953
[WARN] 2026-03-26 00:50:49 - Operación cancelada por el usuario
[INFO] 2026-03-26 00:54:00 - Registro Socio Jesus 20-Diciembre 8994101633 020693
[INFO] 2026-03-26 00:55:01 - Registro Socio Angeles 13-Junio 8995056482 1968
[INFO] 2026-03-26 00:56:21 - Registro Socio Anahi 20-Diciembre 9565622982 0524
[INFO] 2026-03-26 00:57:32 - Registro Socio Heimi 20-Diciembre 8998772324 050918
[INFO] 2026-03-26 00:58:42 - Registro Socio Fatima 20-Diciembre 8992571604 alpirez06
[INFO] 2026-03-26 01:00:34 - Registro Socio Marichuy 20-Diciembre 8993132738 Luna0529
[INFO] 2026-03-26 01:02:03 - Registro Socio Angel 20-Diciembre 8997544779 Hanma123@?
[INFO] 2026-03-26 01:03:21 - Registro Socio Lesvia 20-Diciembre 8994520840 Angel
[INFO] 2026-03-26 01:04:29 - Registro Socio Carlos 20-Diciembre 8991066480 0524
[INFO] 2026-03-26 01:05:42 - Registro Socio Jose 20-Diciembre 8996750648 1486
[WARN] 2026-03-26 01:05:59 - Operación cancelada por el usuario
[INFO] 2026-03-26 01:07:32 - Aportación 200 de Darinka
[WARN] 2026-03-26 01:07:48 - Operación cancelada por el usuario
[INFO] 2026-03-26 01:10:37 - Aportación 200 de Anahi
[WARN] 2026-03-26 01:10:58 - Operación cancelada por el usuario
